<?xml version="1.0" encoding="UTF-8"?>
<!-- Generated by org.testng.reporters.JUnitXMLReporter -->
<testsuite ignored="0" hostname="IN-PG0351TV" failures="0" tests="11" name="Flipkart Test" time="58.713" errors="0" timestamp="2024-05-16T00:58:48 IST">
  <testcase classname="tests.FlipkartTestCase" name="signupWithMobileNumber" time="5.067"/>
  <testcase classname="tests.FlipkartTestCase" name="loginToFlipkart" time="6.293"/>
  <testcase classname="tests.FlipkartTestCase" name="searchProduct" time="0.517"/>
  <testcase classname="tests.FlipkartTestCase" name="addToCart" time="4.95"/>
  <testcase classname="tests.FlipkartTestCase" name="getProductHighlights" time="11.846"/>
  <testcase classname="tests.FlipkartTestCase" name="goToGroceryPage" time="5.327"/>
  <testcase classname="tests.FlipkartTestCase" name="enterPinCodeTest" time="5.55"/>
  <testcase classname="tests.FlipkartTestCase" name="goToGrocerySnacksBeveragesBiscuitsPage" time="3.392"/>
  <testcase classname="tests.FlipkartTestCase" name="testCommunicationPreferencesPage" time="1.674"/>
  <testcase classname="tests.FlipkartTestCase" name="goToCorporateHomeAndSelectSustainability" time="2.51"/>
  <testcase classname="tests.FlipkartTestCase" name="scrollPageToBottom" time="2.263"/>
</testsuite> <!-- Flipkart Test -->
