<?xml version="1.0" encoding="UTF-8"?>
<!-- Generated by org.testng.reporters.JUnitXMLReporter -->
<testsuite ignored="0" hostname="IN-PG0351TV" failures="0" tests="11" name="Flipkart Test in chorme" time="80.404" errors="0" timestamp="2024-05-16T10:49:32 IST">
  <testcase classname="tests.FlipkartTestCase" name="signupWithMobileNumber" time="5.659"/>
  <testcase classname="tests.FlipkartTestCase" name="loginToFlipkart" time="6.403"/>
  <testcase classname="tests.FlipkartTestCase" name="searchProduct" time="0.482"/>
  <testcase classname="tests.FlipkartTestCase" name="addToCart" time="11.564"/>
  <testcase classname="tests.FlipkartTestCase" name="getProductHighlights" time="12.986"/>
  <testcase classname="tests.FlipkartTestCase" name="goToGroceryPage" time="5.049"/>
  <testcase classname="tests.FlipkartTestCase" name="enterPinCodeTest" time="4.716"/>
  <testcase classname="tests.FlipkartTestCase" name="goToGrocerySnacksBeveragesBiscuitsPage" time="4.223"/>
  <testcase classname="tests.FlipkartTestCase" name="testCommunicationPreferencesPage" time="0.796"/>
  <testcase classname="tests.FlipkartTestCase" name="goToCorporateHomeAndSelectSustainability" time="7.031"/>
  <testcase classname="tests.FlipkartTestCase" name="scrollPageToBottom" time="2.469"/>
</testsuite> <!-- Flipkart Test in chorme -->
